mode: set
advancerentbook-api/features/cart/services/service.go:15.45,19.2 1 1
advancerentbook-api/features/cart/services/service.go:21.103,23.17 2 1
advancerentbook-api/features/cart/services/service.go:27.2,28.16 2 1
advancerentbook-api/features/cart/services/service.go:38.2,38.17 1 1
advancerentbook-api/features/cart/services/service.go:23.17,26.3 2 1
advancerentbook-api/features/cart/services/service.go:28.16,30.49 2 1
advancerentbook-api/features/cart/services/service.go:35.3,36.38 2 1
advancerentbook-api/features/cart/services/service.go:30.49,32.4 1 1
advancerentbook-api/features/cart/services/service.go:32.9,34.4 1 1
advancerentbook-api/features/cart/services/service.go:41.74,44.16 3 1
advancerentbook-api/features/cart/services/service.go:48.2,48.17 1 1
advancerentbook-api/features/cart/services/service.go:44.16,47.3 2 1
advancerentbook-api/features/cart/services/service.go:52.74,56.16 3 1
advancerentbook-api/features/cart/services/service.go:60.2,60.12 1 1
advancerentbook-api/features/cart/services/service.go:56.16,59.3 2 1
advancerentbook-api/features/book/services/service.go:16.45,20.2 1 1
advancerentbook-api/features/book/services/service.go:22.117,25.17 2 1
advancerentbook-api/features/book/services/service.go:29.2,30.16 2 1
advancerentbook-api/features/book/services/service.go:33.2,37.16 3 1
advancerentbook-api/features/book/services/service.go:42.2,42.17 1 1
advancerentbook-api/features/book/services/service.go:25.17,27.3 1 1
advancerentbook-api/features/book/services/service.go:30.16,32.3 1 1
advancerentbook-api/features/book/services/service.go:37.16,40.3 2 1
advancerentbook-api/features/book/services/service.go:45.71,48.16 2 1
advancerentbook-api/features/book/services/service.go:55.2,55.17 1 1
advancerentbook-api/features/book/services/service.go:48.16,49.44 1 1
advancerentbook-api/features/book/services/service.go:49.44,51.4 1 1
advancerentbook-api/features/book/services/service.go:51.9,53.4 1 1
advancerentbook-api/features/book/services/service.go:58.68,61.16 2 1
advancerentbook-api/features/book/services/service.go:69.2,69.17 1 1
advancerentbook-api/features/book/services/service.go:61.16,62.49 1 1
advancerentbook-api/features/book/services/service.go:62.49,64.4 1 1
advancerentbook-api/features/book/services/service.go:64.9,66.4 1 1
advancerentbook-api/features/book/services/service.go:72.137,75.17 2 1
advancerentbook-api/features/book/services/service.go:79.2,80.16 2 1
advancerentbook-api/features/book/services/service.go:83.2,86.16 3 1
advancerentbook-api/features/book/services/service.go:94.2,94.17 1 1
advancerentbook-api/features/book/services/service.go:75.17,77.3 1 1
advancerentbook-api/features/book/services/service.go:80.16,82.3 1 1
advancerentbook-api/features/book/services/service.go:86.16,87.49 1 1
advancerentbook-api/features/book/services/service.go:87.49,89.4 1 1
advancerentbook-api/features/book/services/service.go:89.9,91.4 1 1
advancerentbook-api/features/book/services/service.go:97.70,102.16 3 1
advancerentbook-api/features/book/services/service.go:107.2,107.12 1 1
advancerentbook-api/features/book/services/service.go:102.16,105.3 2 1
advancerentbook-api/features/book/services/service.go:110.72,114.16 3 1
advancerentbook-api/features/book/services/service.go:124.2,124.17 1 1
advancerentbook-api/features/book/services/service.go:114.16,116.49 2 1
advancerentbook-api/features/book/services/service.go:121.3,121.40 1 1
advancerentbook-api/features/book/services/service.go:116.49,118.4 1 1
advancerentbook-api/features/book/services/service.go:118.9,120.4 1 1
advancerentbook-api/features/user/services/service.go:20.45,24.2 1 1
advancerentbook-api/features/user/services/service.go:26.72,27.32 1 1
advancerentbook-api/features/user/services/service.go:34.2,38.16 4 1
advancerentbook-api/features/user/services/service.go:48.2,48.17 1 1
advancerentbook-api/features/user/services/service.go:27.32,30.17 2 1
advancerentbook-api/features/user/services/service.go:30.17,32.4 1 1
advancerentbook-api/features/user/services/service.go:38.16,40.50 2 1
advancerentbook-api/features/user/services/service.go:45.3,45.38 1 1
advancerentbook-api/features/user/services/service.go:40.50,42.4 1 1
advancerentbook-api/features/user/services/service.go:42.9,44.4 1 1
advancerentbook-api/features/user/services/service.go:51.85,53.16 2 1
advancerentbook-api/features/user/services/service.go:63.2,63.71 1 1
advancerentbook-api/features/user/services/service.go:68.2,75.27 7 1
advancerentbook-api/features/user/services/service.go:53.16,55.49 2 1
advancerentbook-api/features/user/services/service.go:60.3,60.42 1 1
advancerentbook-api/features/user/services/service.go:55.49,57.4 1 1
advancerentbook-api/features/user/services/service.go:57.9,59.4 1 1
advancerentbook-api/features/user/services/service.go:63.71,66.3 2 1
advancerentbook-api/features/user/services/service.go:78.71,81.16 3 1
advancerentbook-api/features/user/services/service.go:85.2,85.17 1 1
advancerentbook-api/features/user/services/service.go:81.16,84.3 2 1
advancerentbook-api/features/user/services/service.go:88.123,96.16 6 1
advancerentbook-api/features/user/services/service.go:99.2,101.16 3 1
advancerentbook-api/features/user/services/service.go:112.2,112.17 1 1
advancerentbook-api/features/user/services/service.go:96.16,98.3 1 1
advancerentbook-api/features/user/services/service.go:101.16,103.49 2 1
advancerentbook-api/features/user/services/service.go:110.3,110.38 1 1
advancerentbook-api/features/user/services/service.go:103.49,105.4 1 1
advancerentbook-api/features/user/services/service.go:105.9,105.52 1 1
advancerentbook-api/features/user/services/service.go:105.52,107.4 1 1
advancerentbook-api/features/user/services/service.go:107.9,107.60 1 1
advancerentbook-api/features/user/services/service.go:107.60,109.4 1 1
advancerentbook-api/features/user/services/service.go:115.61,118.16 3 1
advancerentbook-api/features/user/services/service.go:122.2,122.12 1 1
advancerentbook-api/features/user/services/service.go:118.16,121.3 2 1
