mode: set
advancerentbook-api/features/cart/services/service.go:15.45,19.2 1 1
advancerentbook-api/features/cart/services/service.go:21.103,23.17 2 1
advancerentbook-api/features/cart/services/service.go:27.2,28.16 2 1
advancerentbook-api/features/cart/services/service.go:38.2,38.17 1 1
advancerentbook-api/features/cart/services/service.go:23.17,26.3 2 1
advancerentbook-api/features/cart/services/service.go:28.16,30.49 2 1
advancerentbook-api/features/cart/services/service.go:35.3,36.38 2 1
advancerentbook-api/features/cart/services/service.go:30.49,32.4 1 1
advancerentbook-api/features/cart/services/service.go:32.9,34.4 1 1
advancerentbook-api/features/cart/services/service.go:41.74,44.16 3 1
advancerentbook-api/features/cart/services/service.go:48.2,48.17 1 1
advancerentbook-api/features/cart/services/service.go:44.16,47.3 2 1
advancerentbook-api/features/cart/services/service.go:52.74,56.16 3 1
advancerentbook-api/features/cart/services/service.go:60.2,60.12 1 1
advancerentbook-api/features/cart/services/service.go:56.16,59.3 2 1
